<?xml version="1.0" encoding="UTF-8"?>
<!-- Generated by org.testng.reporters.JUnitXMLReporter -->
<testsuite hostname="AaleeyaShaikh" ignored="0" name="LandingPage" tests="1" failures="1" timestamp="2022-04-17T14:58:26 EDT" time="3.482" errors="0">
  <testcase name="testTitle" time="0.019" classname="test.LandingPage">
    <failure type="java.lang.AssertionError" message="expected [] but found [Address Book]">
      <![CDATA[java.lang.AssertionError: expected [] but found [Address Book]
at test.LandingPage.testTitle(LandingPage.java:22)
at java.util.ArrayList.forEach(ArrayList.java:1257)
... Removed 33 stack frames]]>
    </failure>
  </testcase> <!-- testTitle -->
</testsuite> <!-- LandingPage -->
